<?xml version="1.0" encoding="UTF-8"?>
<!-- Generated by org.testng.reporters.JUnitXMLReporter -->
<testsuite ignored="3" hostname="LAPTOP-3CSDRC7C" failures="1" tests="1" name="Chrome test" time="4.458" errors="0" timestamp="2026-04-17T20:44:12 IST">
  <testcase classname="testscriptpackage2.LoginTest" name="verifyUserIsAbleToLoginUsingValidCredentials" time="0.609">
    <failure type="org.apache.poi.openxml4j.exceptions.NotOfficeXmlFileException" message="No valid entries or contents found, this is not a valid OOXML (Office Open XML) file">
      <![CDATA[org.apache.poi.openxml4j.exceptions.NotOfficeXmlFileException: No valid entries or contents found, this is not a valid OOXML (Office Open XML) file
at org.apache.poi.openxml4j.util.ZipArchiveThresholdInputStream.getNextEntry(ZipArchiveThresholdInputStream.java:156)
at org.apache.poi.openxml4j.util.ZipInputStreamZipEntrySource.<init>(ZipInputStreamZipEntrySource.java:94)
at org.apache.poi.openxml4j.opc.ZipPackage.<init>(ZipPackage.java:132)
at org.apache.poi.openxml4j.opc.OPCPackage.open(OPCPackage.java:319)
at org.apache.poi.ooxml.util.PackageHelper.open(PackageHelper.java:59)
at org.apache.poi.xssf.usermodel.XSSFWorkbook.<init>(XSSFWorkbook.java:290)
at org.apache.poi.xssf.usermodel.XSSFWorkbook.<init>(XSSFWorkbook.java:286)
at utilities.ExcelUtilityClass.getStringData(ExcelUtilityClass.java:24)
at testscriptpackage2.LoginTest.verifyUserIsAbleToLoginUsingValidCredentials(LoginTest.java:21)
at java.base/java.util.ArrayList.forEach(ArrayList.java:1596)
at java.base/java.util.concurrent.FutureTask.run(FutureTask.java:317)
at java.base/java.util.concurrent.ThreadPoolExecutor.runWorker(ThreadPoolExecutor.java:1144)
at java.base/java.util.concurrent.ThreadPoolExecutor$Worker.run(ThreadPoolExecutor.java:642)
at java.base/java.lang.Thread.run(Thread.java:1583)
Caused by: java.util.zip.ZipException: Unexpected record signature: 0X88378339
at org.apache.commons.compress.archivers.zip.ZipArchiveInputStream.getNextZipEntry(ZipArchiveInputStream.java:296)
at org.apache.poi.openxml4j.util.ZipArchiveThresholdInputStream.getNextEntry(ZipArchiveThresholdInputStream.java:152)
... 28 more
... Removed 15 stack frames]]>
    </failure>
  </testcase> <!-- verifyUserIsAbleToLoginUsingValidCredentials -->
  <testcase classname="testscriptpackage2.LoginTest" name="verifyUserIsAbleToLoginUsingValidUserName" time="0.0">
    <ignored/>
  </testcase> <!-- verifyUserIsAbleToLoginUsingValidUserName -->
  <testcase classname="testscriptpackage2.LoginTest" name="verifyUserIsAbleToLoginUsingValidPassword" time="0.0">
    <ignored/>
  </testcase> <!-- verifyUserIsAbleToLoginUsingValidPassword -->
  <testcase classname="testscriptpackage2.LoginTest" name="verifyUserIsAbleToLoginUsingInValidCredentials" time="0.0">
    <ignored/>
  </testcase> <!-- verifyUserIsAbleToLoginUsingInValidCredentials -->
</testsuite> <!-- Chrome test -->
