<?xml version="1.0" encoding="UTF-8"?>
<!-- Generated by org.testng.reporters.JUnitXMLReporter -->
<testsuite ignored="3" hostname="LAPTOP-3CSDRC7C" failures="0" tests="1" name="Chrome test" time="8.762" errors="0" timestamp="2026-04-17T20:37:14 IST">
  <testcase classname="testscriptpackage2.LoginTest" name="verifyUserIsAbleToLoginUsingValidCredentials" time="1.207"/>
  <testcase classname="testscriptpackage2.LoginTest" name="verifyUserIsAbleToLoginUsingValidUserName" time="0.0">
    <ignored/>
  </testcase> <!-- verifyUserIsAbleToLoginUsingValidUserName -->
  <testcase classname="testscriptpackage2.LoginTest" name="verifyUserIsAbleToLoginUsingValidPassword" time="0.0">
    <ignored/>
  </testcase> <!-- verifyUserIsAbleToLoginUsingValidPassword -->
  <testcase classname="testscriptpackage2.LoginTest" name="verifyUserIsAbleToLoginUsingInValidCredentials" time="0.0">
    <ignored/>
  </testcase> <!-- verifyUserIsAbleToLoginUsingInValidCredentials -->
</testsuite> <!-- Chrome test -->
