<?xml version="1.0" encoding="UTF-8"?>
<!-- Generated by org.testng.reporters.JUnitXMLReporter -->
<testsuite ignored="3" hostname="LAPTOP-3CSDRC7C" failures="0" tests="1" name="Edge Test" time="14.185" errors="0" timestamp="2026-04-17T20:37:28 IST">
  <testcase classname="testscriptpackage2.LoginTest" name="verifyUserIsAbleToLoginUsingValidCredentials" time="0.48"/>
  <testcase classname="testscriptpackage2.LoginTest" name="verifyUserIsAbleToLoginUsingValidPassword" time="0.0">
    <ignored/>
  </testcase> <!-- verifyUserIsAbleToLoginUsingValidPassword -->
  <testcase classname="testscriptpackage2.LoginTest" name="verifyUserIsAbleToLoginUsingInValidCredentials" time="0.0">
    <ignored/>
  </testcase> <!-- verifyUserIsAbleToLoginUsingInValidCredentials -->
  <testcase classname="testscriptpackage2.LoginTest" name="verifyUserIsAbleToLoginUsingValidUserName" time="0.0">
    <ignored/>
  </testcase> <!-- verifyUserIsAbleToLoginUsingValidUserName -->
</testsuite> <!-- Edge Test -->
