<?xml version="1.0" encoding="UTF-8"?>
<!-- Generated by org.testng.reporters.JUnitXMLReporter -->
<testsuite ignored="4" hostname="LAPTOP-3CSDRC7C" failures="0" tests="1" name="Test" time="6.403" errors="0" timestamp="2026-04-17T22:08:17 IST">
  <testcase classname="testscriptpackage2.LoginTest" name="verifyUserIsAbleToLoginUsingValidCredentials" time="1.146"/>
  <testcase classname="testscriptpackage2.LoginTest" name="verifyUserIsAbleToLoginUsingValidPassword" time="0.0">
    <ignored/>
  </testcase> <!-- verifyUserIsAbleToLoginUsingValidPassword -->
  <testcase classname="testscriptpackage2.LoginTest" name="verifyUserIsAbleToLoginUsingInValidCredentials" time="0.0">
    <ignored/>
  </testcase> <!-- verifyUserIsAbleToLoginUsingInValidCredentials -->
  <testcase classname="testscriptpackage2.LogoutTest" name="verifyUserIsAbleToLogout" time="0.0">
    <ignored/>
  </testcase> <!-- verifyUserIsAbleToLogout -->
  <testcase classname="testscriptpackage2.LoginTest" name="verifyUserIsAbleToLoginUsingValidUserName" time="0.0">
    <ignored/>
  </testcase> <!-- verifyUserIsAbleToLoginUsingValidUserName -->
</testsuite> <!-- Test -->
