<?xml version="1.0" encoding="UTF-8"?>
<!-- Generated by org.testng.reporters.JUnitXMLReporter -->
<testsuite ignored="3" hostname="LAPTOP-3CSDRC7C" failures="0" tests="1" name="Default test" time="3.468" errors="0" timestamp="2026-04-13T12:09:48 IST">
  <testcase classname="testscriptpackage2.LoginClass" name="invalidcredentials" time="0.478"/>
  <testcase classname="testscriptpackage2.LoginClass" name="validusernamer" time="0.0">
    <ignored/>
  </testcase> <!-- validusernamer -->
  <testcase classname="testscriptpackage2.LoginClass" name="validpassword" time="0.0">
    <ignored/>
  </testcase> <!-- validpassword -->
  <testcase classname="testscriptpackage2.LoginClass" name="validcredentials" time="0.0">
    <ignored/>
  </testcase> <!-- validcredentials -->
</testsuite> <!-- Default test -->
