<?xml version="1.0" encoding="UTF-8"?>
<testng-results ignored="0" total="1" passed="1" failed="0" skipped="0">
  <reporter-output>
  </reporter-output>
  <suite started-at="2026-04-28T20:31:52 IST" name="Suite" finished-at="2026-04-28T20:32:02 IST" duration-ms="10346">
    <groups>
    </groups>
    <test started-at="2026-04-28T20:31:52 IST" name="Test" finished-at="2026-04-28T20:32:02 IST" duration-ms="10346">
      <class name="testscriptpackage2.ManageCategoryTest">
        <test-method is-config="true" signature="browserInitialisation(java.lang.String)[pri:0, instance:testscriptpackage2.ManageCategoryTest@448c8166]" started-at="2026-04-28T20:31:52 IST" name="browserInitialisation" finished-at="2026-04-28T20:31:56 IST" duration-ms="4069" status="PASS">
          <params>
            <param index="0">
              <value>
                <![CDATA[Chrome]]>
              </value>
            </param>
          </params>
          <reporter-output>
          </reporter-output>
        </test-method> <!-- browserInitialisation -->
        <test-method signature="verifyThatTheUserCanUpdateCategoryInfo()[pri:0, instance:testscriptpackage2.ManageCategoryTest@448c8166]" started-at="2026-04-28T20:31:56 IST" name="verifyThatTheUserCanUpdateCategoryInfo" finished-at="2026-04-28T20:32:02 IST" duration-ms="6229" status="PASS">
          <reporter-output>
          </reporter-output>
        </test-method> <!-- verifyThatTheUserCanUpdateCategoryInfo -->
        <test-method is-config="true" signature="browserQuit(org.testng.ITestResult)[pri:0, instance:testscriptpackage2.ManageCategoryTest@448c8166]" started-at="2026-04-28T20:32:02 IST" name="browserQuit" finished-at="2026-04-28T20:32:02 IST" duration-ms="0" status="PASS">
          <params>
            <param index="0">
              <value>
                <![CDATA[[TestResult name=verifyThatTheUserCanUpdateCategoryInfo status=SUCCESS method=ManageCategoryTest.verifyThatTheUserCanUpdateCategoryInfo()[pri:0, instance:testscriptpackage2.ManageCategoryTest@448c8166] output={null}]]]>
              </value>
            </param>
          </params>
          <reporter-output>
          </reporter-output>
        </test-method> <!-- browserQuit -->
      </class> <!-- testscriptpackage2.ManageCategoryTest -->
    </test> <!-- Test -->
  </suite> <!-- Suite -->
</testng-results>
