<?xml version="1.0" encoding="UTF-8"?>
<testng-results ignored="3" total="4" passed="1" failed="0" skipped="0">
  <reporter-output>
  </reporter-output>
  <suite started-at="2026-04-13T12:09:44 IST" name="Default suite" finished-at="2026-04-13T12:09:48 IST" duration-ms="3468">
    <groups>
    </groups>
    <test started-at="2026-04-13T12:09:44 IST" name="Default test" finished-at="2026-04-13T12:09:48 IST" duration-ms="3468">
      <class name="testscriptpackage2.LoginClass">
        <test-method is-config="true" signature="browserInitialisation()[pri:0, instance:testscriptpackage2.LoginClass@14cd1699]" started-at="2026-04-13T12:09:44 IST" name="browserInitialisation" finished-at="2026-04-13T12:09:47 IST" duration-ms="2953" status="PASS">
          <reporter-output>
          </reporter-output>
        </test-method> <!-- browserInitialisation -->
        <test-method signature="invalidcredentials()[pri:0, instance:testscriptpackage2.LoginClass@14cd1699]" started-at="2026-04-13T12:09:47 IST" name="invalidcredentials" finished-at="2026-04-13T12:09:48 IST" duration-ms="478" status="PASS">
          <reporter-output>
          </reporter-output>
        </test-method> <!-- invalidcredentials -->
      </class> <!-- testscriptpackage2.LoginClass -->
    </test> <!-- Default test -->
  </suite> <!-- Default suite -->
</testng-results>
